  C6H5 + CH3 -> C7H8
    10.00000000  -230.92941519     nonlinear
    10.00000000   -39.72457057     nonlinear
     1.50700000  -270.82500137     nonlinear
     1.60700000  -270.82227107     nonlinear
     1.70700000  -270.81286587     nonlinear
     1.80700000  -270.79984707     nonlinear
     1.90700000  -270.78523037     nonlinear
     2.00700000  -270.77026057     nonlinear
     2.10700000  -270.75568287     nonlinear
     2.20700000  -270.74194668     nonlinear
     2.30700000  -270.72930807     nonlinear
     2.40700000  -270.71789977     nonlinear
     2.50700000  -270.94588158     nonlinear
     2.60700000  -270.69893336     nonlinear
     2.70700000  -270.69133496     nonlinear
     2.80700000  -270.68491986     nonlinear
     2.90700000  -270.67962016     nonlinear
     3.00700000  -270.67535146     nonlinear
     3.10700000  -270.67202846     nonlinear
     3.20700000  -270.66955476     nonlinear
     3.30700000  -270.66784216     nonlinear
     3.40700000  -270.66679146     nonlinear
     3.50700000  -270.66631666     nonlinear
     3.60700000  -270.66631806     nonlinear
     3.70700000  -270.66670316     nonlinear
     3.80700000  -270.66739606     nonlinear
     3.90700000  -270.66831946     nonlinear
     4.00700000  -270.66941256     nonlinear
  Geometrical Parameters:
    10.00000000
     1.50700000
     1.60700000
     1.70700000
     1.80700000
     1.90700000
     2.00700000
     2.10700000
     2.20700000
     2.30700000
     2.40700000
     2.50700000
     2.60700000
     2.70700000
     2.80700000
     2.90700000
     3.00700000
     3.10700000
     3.20700000
     3.30700000
     3.40700000
     3.50700000
     3.60700000
     3.70700000
     3.80700000
     3.90700000
     4.00700000
  --------- dG at    303.00 Degrees Kelvin:
    R [Angstrom]    G [kcals/mol]    dG/dR
        10.0000       0.000000        NAN
         1.5070     -90.448715      11.743075
         1.6070     -89.165079      32.300850
         1.7070     -83.988545      63.503554
         1.8070     -76.464369      85.679053
         1.9070     -66.852734      83.838583
         2.0070     -59.696652      84.981125
         2.1070     -49.856509      92.069714
         2.2070     -41.282709      81.246082
         2.3070     -33.607293      71.660886
         2.4070     -26.950532    -682.274328
         2.5070    -170.062159      58.343263
         2.6070     -15.281879     796.523495
         2.7070     -10.757459      41.397347
         2.8070      -7.002410      34.143327
         2.9070      -3.928794      27.686989
         3.0070      -1.465012      21.789263
         3.1070       0.429058      16.279540
         3.2070       1.790896      11.200445
         3.3070       2.669147       6.655631
         3.4070       3.122022       1.571619
         3.5070       2.983471      -0.508979
         3.6070       3.020226      -1.971871
         3.7070       2.589097      -5.362247
         3.8070       1.947777      -7.125306
         3.9070       1.164036      -8.319383
         4.0070       0.283900        NAN
  --------- dG at    391.00 Degrees Kelvin:
    R [Angstrom]    G [kcals/mol]    dG/dR
        10.0000       0.000000        NAN
         1.5070     -87.012559      11.411386
         1.6070     -85.754803      31.579941
         1.7070     -80.696571      62.373725
         1.8070     -73.280058      87.140683
         1.9070     -63.268434      82.902266
         2.0070     -56.699605      83.294436
         2.1070     -46.609547      93.497444
         2.2070     -38.000116      81.307055
         2.3070     -30.348136      71.057963
         2.4070     -23.788523    -682.610600
         2.5070    -166.870256      58.425684
         2.6070     -12.103387     796.296330
         2.7070      -7.610990      41.025847
         2.8070      -3.898217      33.726345
         2.9070      -0.865721      27.306034
         3.0070       1.562990      21.457678
         3.1070       3.425814      15.961332
         3.2070       4.755256      10.863624
         3.3070       5.598539       6.285610
         3.4070       6.012378       0.886761
         3.5070       5.775891      -0.906062
         3.6070       5.831165      -2.076944
         3.7070       5.360502      -5.784783
         3.8070       4.674209      -7.578954
         3.9070       3.844712      -8.769810
         4.0070       2.920247        NAN
  --------- dG at    444.00 Degrees Kelvin:
    R [Angstrom]    G [kcals/mol]    dG/dR
        10.0000       0.000000        NAN
         1.5070     -84.923254      11.192183
         1.6070     -83.684738      31.104387
         1.7070     -78.702377      61.647565
         1.8070     -71.355225      88.075862
         1.9070     -61.087205      82.398920
         2.0070     -54.875441      82.249662
         2.1070     -44.637272      94.333527
         2.2070     -36.008736      81.319761
         2.3070     -28.373320      70.671034
         2.4070     -21.874529    -682.838291
         2.5070    -164.940978      58.449997
         2.6070     -10.184530     796.136372
         2.7070      -5.713704      40.780068
         2.8070      -2.028516      33.455207
         2.9070       0.977338      27.059195
         3.0070       3.383323      21.242880
         3.1070       5.225914      15.756025
         3.2070       6.534528      10.647953
         3.3070       7.355504       6.050559
         3.4070       7.744640       0.461735
         3.5070       7.447851      -1.154742
         3.6070       7.513691      -2.147273
         3.7070       7.018397      -6.047283
         3.8070       6.304235      -7.859519
         3.9070       5.446493      -9.047432
         4.0070       4.494748        NAN
  --------- dG at    587.00 Degrees Kelvin:
    R [Angstrom]    G [kcals/mol]    dG/dR
        10.0000       0.000000        NAN
         1.5070     -79.256126      10.542286
         1.6070     -78.080862      29.701113
         1.7070     -73.315903      59.566197
         1.8070     -66.167623      90.782853
         1.9070     -55.159333      81.238978
         2.0070     -49.919827      79.352935
         2.1070     -39.288746      96.523583
         2.2070     -30.615111      81.289150
         2.3070     -23.030916      69.563598
         2.4070     -16.702391    -683.517525
         2.5070    -159.734421      58.452089
         2.6070      -5.011974     795.647222
         2.7070      -0.604976      40.062970
         2.8070       3.000621      32.675210
         2.9070       5.930066      26.351355
         3.0070       8.270892      20.627264
         3.1070      10.055519      15.169690
         3.2070      11.304829      10.035894
         3.3070      12.062697       5.387925
         3.4070      12.382414      -0.714086
         3.5070      11.919880      -1.847933
         3.6070      12.012828      -2.353463
         3.7070      11.449188      -6.773895
         3.8070      10.658049      -8.633156
         3.9070       9.722556      -9.810753
         4.0070       8.695898        NAN
  --------- dG at    706.00 Degrees Kelvin:
    R [Angstrom]    G [kcals/mol]    dG/dR
        10.0000       0.000000        NAN
         1.5070     -74.539052       9.953981
         1.6070     -73.425908      28.436662
         1.7070     -68.851719      57.740814
         1.8070     -61.877746      93.221321
         1.9070     -50.207455      80.470002
         2.0070     -45.783745      76.882611
         2.1070     -34.830933      98.294979
         2.2070     -26.124749      81.213940
         2.3070     -18.588145      68.593826
         2.4070     -12.405984    -684.131004
         2.5070    -155.414345      58.407510
         2.6070      -0.724482     795.198386
         2.7070       3.625332      39.427387
         2.8070       7.160995      31.991460
         2.9070      10.023624      25.732467
         3.0070      12.307489      20.089319
         3.1070      14.041488      14.658811
         3.2070      15.239251       9.505270
         3.3070      15.942542       4.816554
         3.4070      16.202562      -1.712998
         3.5070      15.599942      -2.440512
         3.6070      15.714459      -2.536606
         3.7070      15.092621      -7.391396
         3.8070      14.236180      -9.288532
         3.9070      13.234914     -10.455871
         4.0070      12.145006        NAN
  --------- dG at    737.00 Degrees Kelvin:
    R [Angstrom]    G [kcals/mol]    dG/dR
        10.0000       0.000000        NAN
         1.5070     -73.312856       9.795655
         1.6070     -72.216940      28.096879
         1.7070     -67.693480      57.255606
         1.8070     -60.765818      93.882146
         1.9070     -48.917051      80.296324
         2.0070     -44.706554      76.232854
         2.1070     -33.670480      98.751077
         2.2070     -24.956338      81.189167
         2.3070     -17.432646      68.336198
         2.4070     -11.289099    -684.295740
         2.5070    -154.291794      58.391241
         2.6070       0.389150     795.077271
         2.7070       4.723660      39.257932
         2.8070       8.240736      31.809884
         2.9070      11.085637      25.568272
         3.0070      13.354391      19.946631
         3.1070      15.074963      14.523445
         3.2070      16.259080       9.364928
         3.3070      16.947948       4.665737
         3.4070      17.192227      -1.975259
         3.5070      16.552897      -2.596457
         3.6070      16.672936      -2.585460
         3.7070      16.035805      -7.553534
         3.8070      15.162229      -9.460410
         3.9070      14.143723     -10.624914
         4.0070      13.037246        NAN
  --------- dG at    785.00 Degrees Kelvin:
    R [Angstrom]    G [kcals/mol]    dG/dR
        10.0000       0.000000        NAN
         1.5070     -71.417295       9.547225
         1.6070     -70.348746      27.563962
         1.7070     -65.904503      56.498076
         1.8070     -59.049131      94.925202
         1.9070     -46.919462      80.047910
         2.0070     -43.039549      75.222759
         2.1070     -31.874911      99.453823
         2.2070     -23.148784      81.147453
         2.3070     -15.645420      67.934059
         2.4070      -9.561973    -684.553970
         2.5070    -152.556214      58.363089
         2.6070       2.110645     794.887073
         2.7070       6.421201      38.993083
         2.8070       9.909262      31.526536
         2.9070      12.726508      25.312145
         3.0070      14.971691      19.724074
         3.1070      16.671322      14.312397
         3.2070      17.834170       9.146277
         3.3070      18.500578       4.430958
         3.4070      18.720362      -2.382653
         3.5070      18.024047      -2.838931
         3.6070      18.152576      -2.661829
         3.7070      17.491681      -7.805407
         3.8070      16.591494      -9.727284
         3.9070      15.546225     -10.887294
         4.0070      14.414036        NAN
  --------- dG at    798.00 Degrees Kelvin:
    R [Angstrom]    G [kcals/mol]    dG/dR
        10.0000       0.000000        NAN
         1.5070     -70.904621       9.479325
         1.6070     -69.843616      27.418343
         1.7070     -65.420952      56.291737
         1.8070     -58.585268      95.211753
         1.9070     -46.378602      79.984811
         2.0070     -42.588306      74.948435
         2.1070     -31.388915      99.643496
         2.2070     -22.659607      81.135523
         2.3070     -15.161810      67.824536
         2.4070      -9.094699    -684.624501
         2.5070    -152.086711      58.354910
         2.6070       2.576283     794.835062
         2.7070       6.880302      38.920890
         2.8070      10.360461      31.449383
         2.9070      13.170178      25.242423
         3.0070      15.408945      19.663493
         3.1070      17.102877      14.254965
         3.2070      18.259938       9.086806
         3.3070      18.920238       4.367136
         3.4070      19.133365      -2.493237
         3.5070      18.421591      -2.904792
         3.6070      18.552407      -2.682649
         3.7070      17.885061      -7.873777
         3.8070      16.977652      -9.799702
         3.9070      15.925121     -10.958475
         4.0070      14.785957        NAN
  --------- dG at    848.00 Degrees Kelvin:
    R [Angstrom]    G [kcals/mol]    dG/dR
        10.0000       0.000000        NAN
         1.5070     -68.935856       9.216020
         1.6070     -67.904331      26.853724
         1.7070     -63.565111      55.494010
         1.8070     -56.805529      96.329549
         1.9070     -44.299202      79.758231
         2.0070     -40.853883      73.890682
         2.1070     -29.521065     100.370705
         2.2070     -20.779742      81.087410
         2.3070     -13.303583      67.401146
         2.4070      -7.299513    -684.897854
         2.5070    -150.283154      58.321516
         2.6070       4.364791     794.633271
         2.7070       8.643500      38.641605
         2.8070      12.093112      31.151200
         2.9070      14.873740      24.973019
         3.0070      17.087715      19.429425
         3.1070      18.759625      14.033121
         3.2070      19.894340       8.857185
         3.3070      20.531062       4.120839
         3.4070      20.718507      -2.919435
         3.5070      19.947175      -3.158777
         3.6070      20.086752      -2.763201
         3.7070      19.394535      -8.137284
         3.8070      18.459295     -10.078727
         3.9070      17.378790     -11.232679
         4.0070      16.212760        NAN
  --------- dG at    907.00 Degrees Kelvin:
    R [Angstrom]    G [kcals/mol]    dG/dR
        10.0000       0.000000        NAN
         1.5070     -66.619394       8.901495
         1.6070     -65.623499      26.179299
         1.7070     -61.383534      54.545334
         1.8070     -54.714432      97.679622
         1.9070     -41.847610      79.522698
         2.0070     -38.809893      72.637778
         2.1070     -27.320054     101.224687
         2.2070     -18.564955      81.026640
         2.3070     -11.114726      66.897686
         2.4070      -5.185418    -685.224133
         2.5070    -148.159553      58.278664
         2.6070       6.470315     794.392047
         2.7070      10.718856      38.309159
         2.8070      14.132147      30.796767
         2.9070      16.878210      24.652904
         3.0070      19.062728      19.151319
         3.1070      20.708474      13.769638
         3.2070      21.816655       8.584642
         3.3070      22.425402       3.828722
         3.4070      22.582399      -3.423934
         3.5070      21.740615      -3.459693
         3.6070      21.890461      -2.859105
         3.7070      21.168794      -8.449208
         3.8070      20.200619     -10.408869
         3.9070      19.087021     -11.557014
         4.0070      17.889216        NAN
  --------- dG at    933.00 Degrees Kelvin:
    R [Angstrom]    G [kcals/mol]    dG/dR
        10.0000       0.000000        NAN
         1.5070     -65.601005       8.761769
         1.6070     -64.621064      25.879654
         1.7070     -60.425074      54.125092
         1.8070     -53.796045      98.284905
         1.9070     -40.768093      79.429461
         2.0070     -37.910153      72.084240
         2.1070     -26.351245     101.599791
         2.2070     -17.590195      80.998667
         2.3070     -10.151512      66.674670
         2.4070      -4.255261    -685.369022
         2.5070    -147.225316      58.258761
         2.6070       7.396491     794.284825
         2.7070      11.631649      38.161801
         2.8070      15.028852      30.639811
         2.9070      17.759611      24.511178
         3.0070      19.931087      19.028198
         3.1070      21.565251      13.653018
         3.2070      22.661691       8.464065
         3.3070      23.258064       3.699549
         3.4070      23.401601      -3.646732
         3.5070      22.528717      -3.592666
         3.6070      22.683067      -2.901621
         3.7070      21.948393      -8.586962
         3.8070      20.965675     -10.554625
         3.9070      19.837468     -11.700176
         4.0070      18.625640        NAN
  --------- dG at    965.00 Degrees Kelvin:
    R [Angstrom]    G [kcals/mol]    dG/dR
        10.0000       0.000000        NAN
         1.5070     -64.349707       8.588974
         1.6070     -63.389592      25.509042
         1.7070     -59.247899      53.606256
         1.8070     -52.668340      99.038309
         1.9070     -39.440237      79.323312
         2.0070     -36.803678      71.401915
         2.1070     -25.159854     102.060547
         2.2070     -16.391569      80.963352
         2.3070      -8.967184      66.399329
         2.4070      -3.111703    -685.548168
         2.5070    -146.076817      58.233514
         2.6070       8.535000     794.152177
         2.7070      12.753618      37.979802
         2.8070      16.130960      30.446066
         2.9070      18.842831      24.336257
         3.0070      20.998212      18.876243
         3.1070      22.618080      13.509108
         3.2070      23.700033       8.315308
         3.3070      24.281142       3.540236
         3.4070      24.408080      -3.921305
         3.5070      23.496881      -3.756598
         3.6070      23.656761      -2.954136
         3.7070      22.906054      -8.756728
         3.8070      21.905415     -10.734220
         3.9070      20.759210     -11.876553
         4.0070      19.530105        NAN
  --------- dG at    984.00 Degrees Kelvin:
    R [Angstrom]    G [kcals/mol]    dG/dR
        10.0000       0.000000        NAN
         1.5070     -63.607866       8.485984
         1.6070     -62.659613      25.288112
         1.7070     -58.550243      53.297419
         1.8070     -52.000130      99.489970
         1.9070     -38.652249      79.264691
         2.0070     -36.147191      70.996280
         2.1070     -24.452993     102.333681
         2.2070     -15.680455      80.941954
         2.3070      -8.264603      66.235429
         2.4070      -2.433369    -685.654932
         2.5070    -145.395589      58.218161
         2.6070       9.210263     794.073090
         2.7070      13.419029      37.871433
         2.8070      16.784549      30.330757
         2.9070      19.485180      24.232161
         3.0070      21.630982      18.785817
         3.1070      23.242344      13.423478
         3.2070      24.315677       8.226813
         3.3070      24.887706       3.445484
         3.4070      25.004774      -4.084508
         3.5070      24.070805      -3.854065
         3.6070      24.233961      -2.985407
         3.7070      23.473723      -8.857636
         3.8070      22.462434     -10.840954
         3.9070      21.305532     -11.981363
         4.0070      20.066161        NAN

  Greatest Gibbs Free-Energy Barriers [kcals/mol]
  at the temperatures specified:
  T [Kelvin]  R [Angstrom]  G [kcals/mol]
  303.0000         3.4070       3.122022
  391.0000         3.4070       6.012378
  444.0000         3.4070       7.744640
  587.0000         3.4070      12.382414
  706.0000         3.4070      16.202562
  737.0000         3.4070      17.192227
  785.0000         3.4070      18.720362
  798.0000         3.4070      19.133365
  848.0000         3.4070      20.718507
  907.0000         3.4070      22.582399
  933.0000         3.4070      23.401601
  965.0000         3.4070      24.408080
  984.0000         3.4070      25.004774

  Same Barriers from quadratic fit:
  T [Kelvin]  G [kcals/mol]
  303.0000       3.123844
  391.0000       6.012115
  444.0000       7.742901
  587.0000      12.379977
  706.0000      16.202336
  737.0000      17.192638
  785.0000      18.721573
  798.0000      19.134732
  848.0000      20.720122
  907.0000      22.583359
  933.0000      23.401862
  965.0000      24.407079
  984.0000      25.002794

  dG(FIT) = -.116962E-02 T^2 0.336330E+02 T + -.695957E+04  [Calories])


  Rate Constant:

  k = 0.287685E-11 T^2 exp(-dG/RT)  [cc/molecule]^1/second

                    dG = Raw Data       dG = Quad. Fit

  at T =  303.00    k = 0.147900E-08    k = 0.147454E-08
  at T =  391.00    k = 0.191737E-09    k = 0.191802E-09
  at T =  444.00    k = 0.874202E-10    k = 0.875926E-10
  at T =  587.00    k = 0.243275E-10    k = 0.243784E-10
  at T =  706.00    k = 0.138337E-10    k = 0.138360E-10
  at T =  737.00    k = 0.124670E-10    k = 0.124635E-10
  at T =  785.00    k = 0.108858E-10    k = 0.108774E-10
  at T =  798.00    k = 0.105420E-10    k = 0.105329E-10
  at T =  848.00    k = 0.946564E-11    k = 0.945658E-11
  at T =  907.00    k = 0.856635E-11    k = 0.856179E-11
  at T =  933.00    k = 0.826207E-11    k = 0.826090E-11
  at T =  965.00    k = 0.794718E-11    k = 0.795133E-11
  at T =  984.00    k = 0.778679E-11    k = 0.779468E-11
