
                                 THE RATE CONSTANTS ARE LISTED BELOW

-----------------------------------------------------------------------------------------------------
     Temperature          k(T),cm^3/mole.s          k(T),cm^3/molecule.s          Eckart coefficients
-----------------------------------------------------------------------------------------------------
        700.00       *       0.4159E+02        *         0.6907E-22          *           4.923547
        800.00       *       0.1201E+04        *         0.1994E-20          *           3.082221
       1000.00       *       0.1679E+06        *         0.2789E-18          *           1.941331
       1200.00       *       0.5121E+07        *         0.8504E-17          *           1.556424
       1400.00       *       0.6236E+08        *         0.1035E-15          *           1.373499
       1600.00       *       0.4208E+09        *         0.6987E-15          *           1.270171
       1800.00       *       0.1901E+10        *         0.3156E-14          *           1.205367
       2000.00       *       0.6458E+10        *         0.1072E-13          *           1.161754
       2200.00       *       0.1779E+11        *         0.2954E-13          *           1.130868
       2400.00       *       0.4180E+11        *         0.6942E-13          *           1.108132
       2600.00       *       0.8683E+11        *         0.1442E-12          *           1.090879
       2800.00       *       0.1636E+12        *         0.2716E-12          *           1.077459
       3000.00       *       0.2848E+12        *         0.4729E-12          *           1.066806
       3400.00       *       0.7193E+12        *         0.1194E-11          *           1.051152
       3800.00       *       0.1516E+13        *         0.2517E-11          *           1.040387
       4200.00       *       0.2802E+13        *         0.4654E-11          *           1.032663
       4600.00       *       0.4698E+13        *         0.7801E-11          *           1.026932
       5000.00       *       0.7304E+13        *         0.1213E-10          *           1.022563

-----------------------------------------------------------------------------------------------------

              Thank you for KTST code. First writing by Prof. M.C. Lin - 1965
              Then it was modified by J. Park on August 20,1998 and I. Tokmakov on September 2,1998
              Now it is modified by P.V. Tien on November 10,2018
